============================= test session starts ==============================
platform linux -- Python 3.13.5, pytest-9.0.2, pluggy-1.6.0
rootdir: /mnt/data/agegate-harms
configfile: pyproject.toml
testpaths: tests
plugins: cov-7.0.0, asyncio-1.3.0, Faker-40.1.2, metadata-3.1.1, ddtrace-4.4.0, anyio-4.13.0, json-report-1.5.0
asyncio: mode=Mode.STRICT, debug=False, asyncio_default_fixture_loop_scope=None, asyncio_default_test_loop_scope=function
collected 11 items

tests/test_model.py ...........                                          [100%]

============================== 11 passed in 0.40s ==============================
